This file contains any messages produced by compilers while
running configure, to aid debugging if configure makes a mistake.

It was created by _posixsubprocess32 configure 3.5, which was
generated by GNU Autoconf 2.69.  Invocation command line was

  $ ./configure 

## --------- ##
## Platform. ##
## --------- ##

hostname = geniii.svl.corp.google.com
uname -m = x86_64
uname -r = 4.9.0-6-amd64
uname -s = Linux
uname -v = #1 SMP Debian 4.9.82-1+deb9u3 (2018-03-02)

/usr/bin/uname -p = unknown
/bin/uname -X     = unknown

/bin/arch              = unknown
/usr/bin/arch -k       = unknown
/usr/convex/getsysinfo = unknown
/usr/bin/hostinfo      = unknown
/bin/machine           = unknown
/usr/bin/oslevel       = unknown
/bin/universe          = unknown

PATH: /usr/lib/google-golang/bin
PATH: /usr/local/buildtools/java/jdk/bin
PATH: /usr/local/sbin
PATH: /usr/local/bin
PATH: /usr/sbin
PATH: /usr/bin
PATH: /sbin
PATH: /bin
PATH: /usr/local/google/home/gps/bin
PATH: /usr/local/google/home/gps/bin


## ----------- ##
## Core tests. ##
## ----------- ##

configure:2341: checking for gcc
configure:2357: found /usr/bin/gcc
configure:2368: result: gcc
configure:2597: checking for C compiler version
configure:2606: gcc --version >&5
gcc (Debian 7.3.0-5) 7.3.0
Copyright (C) 2017 Free Software Foundation, Inc.
This is free software; see the source for copying conditions.  There is NO
warranty; not even for MERCHANTABILITY or FITNESS FOR A PARTICULAR PURPOSE.

configure:2617: $? = 0
configure:2606: gcc -v >&5
Using built-in specs.
COLLECT_GCC=gcc
COLLECT_LTO_WRAPPER=/usr/lib/gcc/x86_64-linux-gnu/7/lto-wrapper
OFFLOAD_TARGET_NAMES=nvptx-none
OFFLOAD_TARGET_DEFAULT=1
Target: x86_64-linux-gnu
Configured with: ../src/configure -v --with-pkgversion='Debian 7.3.0-5' --with-bugurl=file:///usr/share/doc/gcc-7/README.Bugs --enable-languages=c,ada,c++,go,brig,d,fortran,objc,obj-c++ --prefix=/usr --with-gcc-major-version-only --program-suffix=-7 --program-prefix=x86_64-linux-gnu- --enable-shared --enable-linker-build-id --libexecdir=/usr/lib --without-included-gettext --enable-threads=posix --libdir=/usr/lib --enable-nls --with-sysroot=/ --enable-clocale=gnu --enable-libstdcxx-debug --enable-libstdcxx-time=yes --with-default-libstdcxx-abi=new --enable-gnu-unique-object --disable-vtable-verify --enable-libmpx --enable-plugin --enable-default-pie --with-system-zlib --with-target-system-zlib --enable-objc-gc=auto --enable-multiarch --disable-werror --with-arch-32=i686 --with-abi=m64 --with-multilib-list=m32,m64,mx32 --enable-multilib --with-tune=generic --enable-offload-targets=nvptx-none --without-cuda-driver --enable-checking=release --build=x86_64-linux-gnu --host=x86_64-linux-gnu --target=x86_64-linux-gnu
Thread model: posix
gcc version 7.3.0 (Debian 7.3.0-5) 
configure:2617: $? = 0
configure:2606: gcc -V >&5
gcc: error: unrecognized command line option '-V'
gcc: fatal error: no input files
compilation terminated.
configure:2617: $? = 1
configure:2606: gcc -qversion >&5
gcc: error: unrecognized command line option '-qversion'; did you mean '--version'?
gcc: fatal error: no input files
compilation terminated.
configure:2617: $? = 1
configure:2637: checking whether the C compiler works
configure:2659: gcc    conftest.c  >&5
configure:2663: $? = 0
configure:2711: result: yes
configure:2714: checking for C compiler default output file name
configure:2716: result: a.out
configure:2722: checking for suffix of executables
configure:2729: gcc -o conftest    conftest.c  >&5
configure:2733: $? = 0
configure:2755: result: 
configure:2777: checking whether we are cross compiling
configure:2785: gcc -o conftest    conftest.c  >&5
configure:2789: $? = 0
configure:2796: ./conftest
configure:2800: $? = 0
configure:2815: result: no
configure:2820: checking for suffix of object files
configure:2842: gcc -c   conftest.c >&5
configure:2846: $? = 0
configure:2867: result: o
configure:2871: checking whether we are using the GNU C compiler
configure:2890: gcc -c   conftest.c >&5
configure:2890: $? = 0
configure:2899: result: yes
configure:2908: checking whether gcc accepts -g
configure:2928: gcc -c -g  conftest.c >&5
configure:2928: $? = 0
configure:2969: result: yes
configure:2986: checking for gcc option to accept ISO C89
configure:3049: gcc  -c -g -O2  conftest.c >&5
configure:3049: $? = 0
configure:3062: result: none needed
configure:3088: checking how to run the C preprocessor
configure:3119: gcc -E  conftest.c
configure:3119: $? = 0
configure:3133: gcc -E  conftest.c
conftest.c:17:10: fatal error: ac_nonexistent.h: No such file or directory
 #include <ac_nonexistent.h>
          ^~~~~~~~~~~~~~~~~~
compilation terminated.
configure:3133: $? = 1
configure: failed program was:
| /* confdefs.h */
| #define PACKAGE_NAME "_posixsubprocess32"
| #define PACKAGE_TARNAME "_posixsubprocess32"
| #define PACKAGE_VERSION "3.5"
| #define PACKAGE_STRING "_posixsubprocess32 3.5"
| #define PACKAGE_BUGREPORT "https://github.com/google/python-subprocess32/"
| #define PACKAGE_URL ""
| #define _GNU_SOURCE 1
| #define _NETBSD_SOURCE 1
| #define __BSD_VISIBLE 1
| #define _BSD_TYPES 1
| #define _DARWIN_C_SOURCE 1
| #define _XOPEN_SOURCE 700
| #define _XOPEN_SOURCE_EXTENDED 1
| #define _POSIX_C_SOURCE 200809L
| /* end confdefs.h.  */
| #include <ac_nonexistent.h>
configure:3158: result: gcc -E
configure:3178: gcc -E  conftest.c
configure:3178: $? = 0
configure:3192: gcc -E  conftest.c
conftest.c:17:10: fatal error: ac_nonexistent.h: No such file or directory
 #include <ac_nonexistent.h>
          ^~~~~~~~~~~~~~~~~~
compilation terminated.
configure:3192: $? = 1
configure: failed program was:
| /* confdefs.h */
| #define PACKAGE_NAME "_posixsubprocess32"
| #define PACKAGE_TARNAME "_posixsubprocess32"
| #define PACKAGE_VERSION "3.5"
| #define PACKAGE_STRING "_posixsubprocess32 3.5"
| #define PACKAGE_BUGREPORT "https://github.com/google/python-subprocess32/"
| #define PACKAGE_URL ""
| #define _GNU_SOURCE 1
| #define _NETBSD_SOURCE 1
| #define __BSD_VISIBLE 1
| #define _BSD_TYPES 1
| #define _DARWIN_C_SOURCE 1
| #define _XOPEN_SOURCE 700
| #define _XOPEN_SOURCE_EXTENDED 1
| #define _POSIX_C_SOURCE 200809L
| /* end confdefs.h.  */
| #include <ac_nonexistent.h>
configure:3221: checking for grep that handles long lines and -e
configure:3279: result: /bin/grep
configure:3284: checking for egrep
configure:3346: result: /bin/grep -E
configure:3351: checking for ANSI C header files
configure:3371: gcc -c -g -O2  conftest.c >&5
configure:3371: $? = 0
configure:3444: gcc -o conftest -g -O2   conftest.c  >&5
configure:3444: $? = 0
configure:3444: ./conftest
configure:3444: $? = 0
configure:3455: result: yes
configure:3468: checking for sys/types.h
configure:3468: gcc -c -g -O2  conftest.c >&5
configure:3468: $? = 0
configure:3468: result: yes
configure:3468: checking for sys/stat.h
configure:3468: gcc -c -g -O2  conftest.c >&5
configure:3468: $? = 0
configure:3468: result: yes
configure:3468: checking for stdlib.h
configure:3468: gcc -c -g -O2  conftest.c >&5
configure:3468: $? = 0
configure:3468: result: yes
configure:3468: checking for string.h
configure:3468: gcc -c -g -O2  conftest.c >&5
configure:3468: $? = 0
configure:3468: result: yes
configure:3468: checking for memory.h
configure:3468: gcc -c -g -O2  conftest.c >&5
configure:3468: $? = 0
configure:3468: result: yes
configure:3468: checking for strings.h
configure:3468: gcc -c -g -O2  conftest.c >&5
configure:3468: $? = 0
configure:3468: result: yes
configure:3468: checking for inttypes.h
configure:3468: gcc -c -g -O2  conftest.c >&5
configure:3468: $? = 0
configure:3468: result: yes
configure:3468: checking for stdint.h
configure:3468: gcc -c -g -O2  conftest.c >&5
configure:3468: $? = 0
configure:3468: result: yes
configure:3468: checking for unistd.h
configure:3468: gcc -c -g -O2  conftest.c >&5
configure:3468: $? = 0
configure:3468: result: yes
configure:3484: checking for unistd.h
configure:3484: result: yes
configure:3484: checking fcntl.h usability
configure:3484: gcc -c -g -O2  conftest.c >&5
configure:3484: $? = 0
configure:3484: result: yes
configure:3484: checking fcntl.h presence
configure:3484: gcc -E  conftest.c
configure:3484: $? = 0
configure:3484: result: yes
configure:3484: checking for fcntl.h
configure:3484: result: yes
configure:3484: checking signal.h usability
configure:3484: gcc -c -g -O2  conftest.c >&5
configure:3484: $? = 0
configure:3484: result: yes
configure:3484: checking signal.h presence
configure:3484: gcc -E  conftest.c
configure:3484: $? = 0
configure:3484: result: yes
configure:3484: checking for signal.h
configure:3484: result: yes
configure:3484: checking sys/cdefs.h usability
configure:3484: gcc -c -g -O2  conftest.c >&5
configure:3484: $? = 0
configure:3484: result: yes
configure:3484: checking sys/cdefs.h presence
configure:3484: gcc -E  conftest.c
configure:3484: $? = 0
configure:3484: result: yes
configure:3484: checking for sys/cdefs.h
configure:3484: result: yes
configure:3484: checking for sys/types.h
configure:3484: result: yes
configure:3484: checking for sys/stat.h
configure:3484: result: yes
configure:3484: checking sys/syscall.h usability
configure:3484: gcc -c -g -O2  conftest.c >&5
configure:3484: $? = 0
configure:3484: result: yes
configure:3484: checking sys/syscall.h presence
configure:3484: gcc -E  conftest.c
configure:3484: $? = 0
configure:3484: result: yes
configure:3484: checking for sys/syscall.h
configure:3484: result: yes
configure:3497: checking for dirent.h that defines DIR
configure:3516: gcc -c -g -O2  conftest.c >&5
configure:3516: $? = 0
configure:3524: result: yes
configure:3537: checking for library containing opendir
configure:3568: gcc -o conftest -g -O2   conftest.c  >&5
configure:3568: $? = 0
configure:3585: result: none required
configure:3656: checking for pipe2
configure:3656: gcc -o conftest -g -O2   conftest.c  >&5
configure:3656: $? = 0
configure:3656: result: yes
configure:3656: checking for setsid
configure:3656: gcc -o conftest -g -O2   conftest.c  >&5
configure:3656: $? = 0
configure:3656: result: yes
configure:3665: checking whether dirfd is declared
configure:3665: gcc -c -g -O2  conftest.c >&5
configure:3665: $? = 0
configure:3665: result: yes
configure:3789: creating ./config.status

## ---------------------- ##
## Running config.status. ##
## ---------------------- ##

This file was extended by _posixsubprocess32 config.status 3.5, which was
generated by GNU Autoconf 2.69.  Invocation command line was

  CONFIG_FILES    = 
  CONFIG_HEADERS  = 
  CONFIG_LINKS    = 
  CONFIG_COMMANDS = 
  $ ./config.status 

on geniii.svl.corp.google.com

config.status:693: creating _posixsubprocess_config.h

## ---------------- ##
## Cache variables. ##
## ---------------- ##

ac_cv_c_compiler_gnu=yes
ac_cv_env_CC_set=
ac_cv_env_CC_value=
ac_cv_env_CFLAGS_set=
ac_cv_env_CFLAGS_value=
ac_cv_env_CPPFLAGS_set=
ac_cv_env_CPPFLAGS_value=
ac_cv_env_CPP_set=
ac_cv_env_CPP_value=
ac_cv_env_LDFLAGS_set=
ac_cv_env_LDFLAGS_value=
ac_cv_env_LIBS_set=
ac_cv_env_LIBS_value=
ac_cv_env_build_alias_set=
ac_cv_env_build_alias_value=
ac_cv_env_host_alias_set=
ac_cv_env_host_alias_value=
ac_cv_env_target_alias_set=
ac_cv_env_target_alias_value=
ac_cv_func_pipe2=yes
ac_cv_func_setsid=yes
ac_cv_have_decl_dirfd=yes
ac_cv_header_dirent_dirent_h=yes
ac_cv_header_fcntl_h=yes
ac_cv_header_inttypes_h=yes
ac_cv_header_memory_h=yes
ac_cv_header_signal_h=yes
ac_cv_header_stdc=yes
ac_cv_header_stdint_h=yes
ac_cv_header_stdlib_h=yes
ac_cv_header_string_h=yes
ac_cv_header_strings_h=yes
ac_cv_header_sys_cdefs_h=yes
ac_cv_header_sys_stat_h=yes
ac_cv_header_sys_syscall_h=yes
ac_cv_header_sys_types_h=yes
ac_cv_header_unistd_h=yes
ac_cv_objext=o
ac_cv_path_EGREP='/bin/grep -E'
ac_cv_path_GREP=/bin/grep
ac_cv_prog_CPP='gcc -E'
ac_cv_prog_ac_ct_CC=gcc
ac_cv_prog_cc_c89=
ac_cv_prog_cc_g=yes
ac_cv_search_opendir='none required'

## ----------------- ##
## Output variables. ##
## ----------------- ##

CC='gcc'
CFLAGS='-g -O2'
CPP='gcc -E'
CPPFLAGS=''
DEFS='-DHAVE_CONFIG_H'
ECHO_C=''
ECHO_N='-n'
ECHO_T=''
EGREP='/bin/grep -E'
EXEEXT=''
GREP='/bin/grep'
LDFLAGS=''
LIBOBJS=''
LIBS=''
LTLIBOBJS=''
OBJEXT='o'
PACKAGE_BUGREPORT='https://github.com/google/python-subprocess32/'
PACKAGE_NAME='_posixsubprocess32'
PACKAGE_STRING='_posixsubprocess32 3.5'
PACKAGE_TARNAME='_posixsubprocess32'
PACKAGE_URL=''
PACKAGE_VERSION='3.5'
PATH_SEPARATOR=':'
SHELL='/bin/sh'
ac_ct_CC='gcc'
bindir='${exec_prefix}/bin'
build_alias=''
datadir='${datarootdir}'
datarootdir='${prefix}/share'
docdir='${datarootdir}/doc/${PACKAGE_TARNAME}'
dvidir='${docdir}'
exec_prefix='${prefix}'
host_alias=''
htmldir='${docdir}'
includedir='${prefix}/include'
infodir='${datarootdir}/info'
libdir='${exec_prefix}/lib'
libexecdir='${exec_prefix}/libexec'
localedir='${datarootdir}/locale'
localstatedir='${prefix}/var'
mandir='${datarootdir}/man'
oldincludedir='/usr/include'
pdfdir='${docdir}'
prefix='/usr/local'
program_transform_name='s,x,x,'
psdir='${docdir}'
runstatedir='${localstatedir}/run'
sbindir='${exec_prefix}/sbin'
sharedstatedir='${prefix}/com'
sysconfdir='${prefix}/etc'
target_alias=''

## ----------- ##
## confdefs.h. ##
## ----------- ##

/* confdefs.h */
#define PACKAGE_NAME "_posixsubprocess32"
#define PACKAGE_TARNAME "_posixsubprocess32"
#define PACKAGE_VERSION "3.5"
#define PACKAGE_STRING "_posixsubprocess32 3.5"
#define PACKAGE_BUGREPORT "https://github.com/google/python-subprocess32/"
#define PACKAGE_URL ""
#define _GNU_SOURCE 1
#define _NETBSD_SOURCE 1
#define __BSD_VISIBLE 1
#define _BSD_TYPES 1
#define _DARWIN_C_SOURCE 1
#define _XOPEN_SOURCE 700
#define _XOPEN_SOURCE_EXTENDED 1
#define _POSIX_C_SOURCE 200809L
#define STDC_HEADERS 1
#define HAVE_SYS_TYPES_H 1
#define HAVE_SYS_STAT_H 1
#define HAVE_STDLIB_H 1
#define HAVE_STRING_H 1
#define HAVE_MEMORY_H 1
#define HAVE_STRINGS_H 1
#define HAVE_INTTYPES_H 1
#define HAVE_STDINT_H 1
#define HAVE_UNISTD_H 1
#define HAVE_UNISTD_H 1
#define HAVE_FCNTL_H 1
#define HAVE_SIGNAL_H 1
#define HAVE_SYS_CDEFS_H 1
#define HAVE_SYS_TYPES_H 1
#define HAVE_SYS_STAT_H 1
#define HAVE_SYS_SYSCALL_H 1
#define HAVE_DIRENT_H 1
#define HAVE_PIPE2 1
#define HAVE_SETSID 1
#define HAVE_DIRFD 1

configure: exit 0
